DEBUG determined hostname: "MacBook-Air-Olha.local"
DEBUG determined working directory: "/Users/olharyzha/Desktop/courses/Python/Projects/weather_bot"
DEBUG determined config directory: "/Users/olharyzha/Desktop/courses/Python/Projects/weather_bot/.home/.fly"
DEBUG ensured config directory exists.
DEBUG ensured config directory perms.
DEBUG cache loaded.
DEBUG config initialized.
DEBUG skipped querying for new release
DEBUG checking for updates...
DEBUG client initialized.
DEBUG Starting task manager
DEBUG --> POST https://api.fly.io/graphql

DEBUG {
  "query": "query($admin: Boolean!) { organizations(admin: $admin) { nodes { id slug rawSlug name type paidPlan billable viewerRole internalNumericId } } }",
  "variables": {
    "admin": false
  }
}


DEBUG {}
DEBUG trace exportererrortraces export: Post "http://fly-otel-collector-prod.fly.dev:4318/v1/traces": dial tcp: lookup fly-otel-collector-prod.fly.dev: no such host
DEBUG Task manager done
